# JRE version: OpenJDK Runtime Environment Temurin-21.0.6+7 (21.0.6+7) (build 21.0.6+7-LTS)
# Java VM: OpenJDK 64-Bit Server VM Temurin-21.0.6+7 (21.0.6+7-LTS, mixed mode, sharing, tiered, compressed oops, compressed class ptrs, parallel gc, windows-amd64)
GC Precious Log:
 CardTable entry size: 512
 CPUs: 4 total, 4 available
 Memory: 3956M
 Large Page Support: Disabled
 NUMA Support: Disabled
 Compressed Oops: Enabled (32-bit)
 Alignments: Space 512K, Generation 512K, Heap 2M
 Heap Min Capacity: 100M
 Heap Initial Capacity: 100M
 Heap Max Capacity: 1G
 Pre-touch: Disabled
 Parallel Workers: 4
Heap:
 PSYoungGen      total 2048K, used 1148K [0x00000000eab00000, 0x00000000eae00000, 0x0000000100000000)
  eden space 1536K, 66% used [0x00000000eab00000,0x00000000eabff330,0x00000000eac80000)
  from space 512K, 25% used [0x00000000ead00000,0x00000000ead20000,0x00000000ead80000)
  to   space 512K, 0% used [0x00000000ead80000,0x00000000ead80000,0x00000000eae00000)
 ParOldGen       total 663040K, used 662927K [0x00000000c0000000, 0x00000000e8780000, 0x00000000eab00000)
  object space 663040K, 99% used [0x00000000c0000000,0x00000000e8763f28,0x00000000e8780000)
 Metaspace       used 69530K, committed 70976K, reserved 1114112K
  class space    used 7296K, committed 7936K, reserved 1048576K
GC Heap History (20 events):
Event: 498.007 GC heap before
{Heap before GC invocations=1789 (full 4):
 PSYoungGen      total 2560K, used 1760K [0x00000000eab00000, 0x00000000eae00000, 0x0000000100000000)
  eden space 1536K, 100% used [0x00000000eab00000,0x00000000eac80000,0x00000000eac80000)
  from space 1024K, 21% used [0x00000000eac80000,0x00000000eacb8000,0x00000000ead80000)
  to   space 512K, 0% used [0x00000000ead80000,0x00000000ead80000,0x00000000eae00000)
 ParOldGen       total 661504K, used 661245K [0x00000000c0000000, 0x00000000e8600000, 0x00000000eab00000)
  object space 661504K, 99% used [0x00000000c0000000,0x00000000e85bf748,0x00000000e8600000)
 Metaspace       used 69179K, committed 70592K, reserved 1114112K
  class space    used 7249K, committed 7872K, reserved 1048576K
}
Event: 498.013 GC heap after
{Heap after GC invocations=1789 (full 4):
 PSYoungGen      total 2048K, used 192K [0x00000000eab00000, 0x00000000eae00000, 0x0000000100000000)
  eden space 1536K, 0% used [0x00000000eab00000,0x00000000eab00000,0x00000000eac80000)
  from space 512K, 37% used [0x00000000ead80000,0x00000000eadb0000,0x00000000eae00000)
  to   space 512K, 0% used [0x00000000ead00000,0x00000000ead00000,0x00000000ead80000)
 ParOldGen       total 661504K, used 661306K [0x00000000c0000000, 0x00000000e8600000, 0x00000000eab00000)
  object space 661504K, 99% used [0x00000000c0000000,0x00000000e85ce9c8,0x00000000e8600000)
 Metaspace       used 69179K, committed 70592K, reserved 1114112K
  class space    used 7249K, committed 7872K, reserved 1048576K
}
Event: 498.317 GC heap before
{Heap before GC invocations=1790 (full 4):
 PSYoungGen      total 2048K, used 1727K [0x00000000eab00000, 0x00000000eae00000, 0x0000000100000000)
  eden space 1536K, 99% used [0x00000000eab00000,0x00000000eac7ffd8,0x00000000eac80000)
  from space 512K, 37% used [0x00000000ead80000,0x00000000eadb0000,0x00000000eae00000)
  to   space 512K, 0% used [0x00000000ead00000,0x00000000ead00000,0x00000000ead80000)
 ParOldGen       total 661504K, used 661306K [0x00000000c0000000, 0x00000000e8600000, 0x00000000eab00000)
  object space 661504K, 99% used [0x00000000c0000000,0x00000000e85ce9c8,0x00000000e8600000)
 Metaspace       used 69190K, committed 70592K, reserved 1114112K
  class space    used 7249K, committed 7872K, reserved 1048576K
}
Event: 498.328 GC heap after
{Heap after GC invocations=1790 (full 4):
 PSYoungGen      total 2048K, used 320K [0x00000000eab00000, 0x00000000eae00000, 0x0000000100000000)
  eden space 1536K, 0% used [0x00000000eab00000,0x00000000eab00000,0x00000000eac80000)
  from space 512K, 62% used [0x00000000ead00000,0x00000000ead50000,0x00000000ead80000)
  to   space 512K, 0% used [0x00000000ead80000,0x00000000ead80000,0x00000000eae00000)
 ParOldGen       total 661504K, used 661345K [0x00000000c0000000, 0x00000000e8600000, 0x00000000eab00000)
  object space 661504K, 99% used [0x00000000c0000000,0x00000000e85d8408,0x00000000e8600000)
 Metaspace       used 69190K, committed 70592K, reserved 1114112K
  class space    used 7249K, committed 7872K, reserved 1048576K
}
Event: 498.396 GC heap before
{Heap before GC invocations=1791 (full 4):
 PSYoungGen      total 2048K, used 1856K [0x00000000eab00000, 0x00000000eae00000, 0x0000000100000000)
  eden space 1536K, 100% used [0x00000000eab00000,0x00000000eac80000,0x00000000eac80000)
  from space 512K, 62% used [0x00000000ead00000,0x00000000ead50000,0x00000000ead80000)
  to   space 512K, 0% used [0x00000000ead80000,0x00000000ead80000,0x00000000eae00000)
 ParOldGen       total 661504K, used 661345K [0x00000000c0000000, 0x00000000e8600000, 0x00000000eab00000)
  object space 661504K, 99% used [0x00000000c0000000,0x00000000e85d8408,0x00000000e8600000)
 Metaspace       used 69192K, committed 70592K, reserved 1114112K
  class space    used 7249K, committed 7872K, reserved 1048576K
}
Event: 498.403 GC heap after
{Heap after GC invocations=1791 (full 4):
 PSYoungGen      total 2048K, used 400K [0x00000000eab00000, 0x00000000eae00000, 0x0000000100000000)
  eden space 1536K, 0% used [0x00000000eab00000,0x00000000eab00000,0x00000000eac80000)
  from space 512K, 78% used [0x00000000ead80000,0x00000000eade4010,0x00000000eae00000)
  to   space 512K, 0% used [0x00000000ead00000,0x00000000ead00000,0x00000000ead80000)
 ParOldGen       total 662016K, used 661649K [0x00000000c0000000, 0x00000000e8680000, 0x00000000eab00000)
  object space 662016K, 99% used [0x00000000c0000000,0x00000000e8624418,0x00000000e8680000)
 Metaspace       used 69192K, committed 70592K, reserved 1114112K
  class space    used 7249K, committed 7872K, reserved 1048576K
}
Event: 498.442 GC heap before
{Heap before GC invocations=1792 (full 4):
 PSYoungGen      total 2048K, used 1936K [0x00000000eab00000, 0x00000000eae00000, 0x0000000100000000)
  eden space 1536K, 100% used [0x00000000eab00000,0x00000000eac80000,0x00000000eac80000)
  from space 512K, 78% used [0x00000000ead80000,0x00000000eade4010,0x00000000eae00000)
  to   space 512K, 0% used [0x00000000ead00000,0x00000000ead00000,0x00000000ead80000)
 ParOldGen       total 662016K, used 661649K [0x00000000c0000000, 0x00000000e8680000, 0x00000000eab00000)
  object space 662016K, 99% used [0x00000000c0000000,0x00000000e8624418,0x00000000e8680000)
 Metaspace       used 69213K, committed 70656K, reserved 1114112K
  class space    used 7250K, committed 7872K, reserved 1048576K
}
Event: 498.447 GC heap after
{Heap after GC invocations=1792 (full 4):
 PSYoungGen      total 2048K, used 288K [0x00000000eab00000, 0x00000000eae00000, 0x0000000100000000)
  eden space 1536K, 0% used [0x00000000eab00000,0x00000000eab00000,0x00000000eac80000)
  from space 512K, 56% used [0x00000000ead00000,0x00000000ead48000,0x00000000ead80000)
  to   space 512K, 0% used [0x00000000ead80000,0x00000000ead80000,0x00000000eae00000)
 ParOldGen       total 662016K, used 661681K [0x00000000c0000000, 0x00000000e8680000, 0x00000000eab00000)
  object space 662016K, 99% used [0x00000000c0000000,0x00000000e862c418,0x00000000e8680000)
 Metaspace       used 69213K, committed 70656K, reserved 1114112K
  class space    used 7250K, committed 7872K, reserved 1048576K
}
Event: 498.500 GC heap before
{Heap before GC invocations=1793 (full 4):
 PSYoungGen      total 2048K, used 1824K [0x00000000eab00000, 0x00000000eae00000, 0x0000000100000000)
  eden space 1536K, 100% used [0x00000000eab00000,0x00000000eac80000,0x00000000eac80000)
  from space 512K, 56% used [0x00000000ead00000,0x00000000ead48000,0x00000000ead80000)
  to   space 512K, 0% used [0x00000000ead80000,0x00000000ead80000,0x00000000eae00000)
 ParOldGen       total 662016K, used 661681K [0x00000000c0000000, 0x00000000e8680000, 0x00000000eab00000)
  object space 662016K, 99% used [0x00000000c0000000,0x00000000e862c418,0x00000000e8680000)
 Metaspace       used 69252K, committed 70656K, reserved 1114112K
  class space    used 7251K, committed 7872K, reserved 1048576K
}
Event: 498.510 GC heap after
{Heap after GC invocations=1793 (full 4):
 PSYoungGen      total 2048K, used 256K [0x00000000eab00000, 0x00000000eae00000, 0x0000000100000000)
  eden space 1536K, 0% used [0x00000000eab00000,0x00000000eab00000,0x00000000eac80000)
  from space 512K, 50% used [0x00000000ead80000,0x00000000eadc0000,0x00000000eae00000)
  to   space 512K, 0% used [0x00000000ead00000,0x00000000ead00000,0x00000000ead80000)
 ParOldGen       total 662016K, used 661894K [0x00000000c0000000, 0x00000000e8680000, 0x00000000eab00000)
  object space 662016K, 99% used [0x00000000c0000000,0x00000000e86618a8,0x00000000e8680000)
 Metaspace       used 69252K, committed 70656K, reserved 1114112K
  class space    used 7251K, committed 7872K, reserved 1048576K
}
Event: 498.658 GC heap before
{Heap before GC invocations=1794 (full 4):
 PSYoungGen      total 2048K, used 1792K [0x00000000eab00000, 0x00000000eae00000, 0x0000000100000000)
  eden space 1536K, 100% used [0x00000000eab00000,0x00000000eac80000,0x00000000eac80000)
  from space 512K, 50% used [0x00000000ead80000,0x00000000eadc0000,0x00000000eae00000)
  to   space 512K, 0% used [0x00000000ead00000,0x00000000ead00000,0x00000000ead80000)
 ParOldGen       total 662016K, used 661894K [0x00000000c0000000, 0x00000000e8680000, 0x00000000eab00000)
  object space 662016K, 99% used [0x00000000c0000000,0x00000000e86618a8,0x00000000e8680000)
 Metaspace       used 69289K, committed 70720K, reserved 1114112K
  class space    used 7256K, committed 7872K, reserved 1048576K
}
Event: 498.667 GC heap after
{Heap after GC invocations=1794 (full 4):
 PSYoungGen      total 2048K, used 496K [0x00000000eab00000, 0x00000000eae80000, 0x0000000100000000)
  eden space 1536K, 0% used [0x00000000eab00000,0x00000000eab00000,0x00000000eac80000)
  from space 512K, 96% used [0x00000000ead00000,0x00000000ead7c010,0x00000000ead80000)
  to   space 1024K, 0% used [0x00000000ead80000,0x00000000ead80000,0x00000000eae80000)
 ParOldGen       total 662528K, used 662108K [0x00000000c0000000, 0x00000000e8700000, 0x00000000eab00000)
  object space 662528K, 99% used [0x00000000c0000000,0x00000000e86972f8,0x00000000e8700000)
 Metaspace       used 69289K, committed 70720K, reserved 1114112K
  class space    used 7256K, committed 7872K, reserved 1048576K
}
Event: 498.694 GC heap before
{Heap before GC invocations=1795 (full 4):
 PSYoungGen      total 2048K, used 2032K [0x00000000eab00000, 0x00000000eae80000, 0x0000000100000000)
  eden space 1536K, 99% used [0x00000000eab00000,0x00000000eac7fff8,0x00000000eac80000)
  from space 512K, 96% used [0x00000000ead00000,0x00000000ead7c010,0x00000000ead80000)
  to   space 1024K, 0% used [0x00000000ead80000,0x00000000ead80000,0x00000000eae80000)
 ParOldGen       total 662528K, used 662108K [0x00000000c0000000, 0x00000000e8700000, 0x00000000eab00000)
  object space 662528K, 99% used [0x00000000c0000000,0x00000000e86972f8,0x00000000e8700000)
 Metaspace       used 69301K, committed 70720K, reserved 1114112K
  class space    used 7256K, committed 7872K, reserved 1048576K
}
Event: 498.705 GC heap after
{Heap after GC invocations=1795 (full 4):
 PSYoungGen      total 2048K, used 256K [0x00000000eab00000, 0x00000000eae00000, 0x0000000100000000)
  eden space 1536K, 0% used [0x00000000eab00000,0x00000000eab00000,0x00000000eac80000)
  from space 512K, 50% used [0x00000000ead80000,0x00000000eadc0000,0x00000000eae00000)
  to   space 512K, 0% used [0x00000000ead00000,0x00000000ead00000,0x00000000ead80000)
 ParOldGen       total 662528K, used 662501K [0x00000000c0000000, 0x00000000e8700000, 0x00000000eab00000)
  object space 662528K, 99% used [0x00000000c0000000,0x00000000e86f97f8,0x00000000e8700000)
 Metaspace       used 69301K, committed 70720K, reserved 1114112K
  class space    used 7256K, committed 7872K, reserved 1048576K
}
Event: 499.617 GC heap before
{Heap before GC invocations=1796 (full 4):
 PSYoungGen      total 2048K, used 1791K [0x00000000eab00000, 0x00000000eae00000, 0x0000000100000000)
  eden space 1536K, 99% used [0x00000000eab00000,0x00000000eac7fff0,0x00000000eac80000)
  from space 512K, 50% used [0x00000000ead80000,0x00000000eadc0000,0x00000000eae00000)
  to   space 512K, 0% used [0x00000000ead00000,0x00000000ead00000,0x00000000ead80000)
 ParOldGen       total 662528K, used 662501K [0x00000000c0000000, 0x00000000e8700000, 0x00000000eab00000)
  object space 662528K, 99% used [0x00000000c0000000,0x00000000e86f97f8,0x00000000e8700000)
 Metaspace       used 69338K, committed 70784K, reserved 1114112K
  class space    used 7256K, committed 7872K, reserved 1048576K
}
Event: 499.625 GC heap after
{Heap after GC invocations=1796 (full 4):
 PSYoungGen      total 2048K, used 448K [0x00000000eab00000, 0x00000000eae00000, 0x0000000100000000)
  eden space 1536K, 0% used [0x00000000eab00000,0x00000000eab00000,0x00000000eac80000)
  from space 512K, 87% used [0x00000000ead00000,0x00000000ead70020,0x00000000ead80000)
  to   space 512K, 0% used [0x00000000ead80000,0x00000000ead80000,0x00000000eae00000)
 ParOldGen       total 663040K, used 662643K [0x00000000c0000000, 0x00000000e8780000, 0x00000000eab00000)
  object space 663040K, 99% used [0x00000000c0000000,0x00000000e871cc88,0x00000000e8780000)
 Metaspace       used 69338K, committed 70784K, reserved 1114112K
  class space    used 7256K, committed 7872K, reserved 1048576K
}
Event: 499.705 GC heap before
{Heap before GC invocations=1797 (full 4):
 PSYoungGen      total 2048K, used 1984K [0x00000000eab00000, 0x00000000eae00000, 0x0000000100000000)
  eden space 1536K, 99% used [0x00000000eab00000,0x00000000eac7fff8,0x00000000eac80000)
  from space 512K, 87% used [0x00000000ead00000,0x00000000ead70020,0x00000000ead80000)
  to   space 512K, 0% used [0x00000000ead80000,0x00000000ead80000,0x00000000eae00000)
 ParOldGen       total 663040K, used 662643K [0x00000000c0000000, 0x00000000e8780000, 0x00000000eab00000)
  object space 663040K, 99% used [0x00000000c0000000,0x00000000e871cc88,0x00000000e8780000)
 Metaspace       used 69339K, committed 70784K, reserved 1114112K
  class space    used 7256K, committed 7872K, reserved 1048576K
}
Event: 499.713 GC heap after
{Heap after GC invocations=1797 (full 4):
 PSYoungGen      total 2048K, used 272K [0x00000000eab00000, 0x00000000eae00000, 0x0000000100000000)
  eden space 1536K, 0% used [0x00000000eab00000,0x00000000eab00000,0x00000000eac80000)
  from space 512K, 53% used [0x00000000ead80000,0x00000000eadc4010,0x00000000eae00000)
  to   space 512K, 0% used [0x00000000ead00000,0x00000000ead00000,0x00000000ead80000)
 ParOldGen       total 663040K, used 662903K [0x00000000c0000000, 0x00000000e8780000, 0x00000000eab00000)
  object space 663040K, 99% used [0x00000000c0000000,0x00000000e875df28,0x00000000e8780000)
 Metaspace       used 69339K, committed 70784K, reserved 1114112K
  class space    used 7256K, committed 7872K, reserved 1048576K
}
Event: 534.421 GC heap before
{Heap before GC invocations=1798 (full 4):
 PSYoungGen      total 2048K, used 1806K [0x00000000eab00000, 0x00000000eae00000, 0x0000000100000000)
  eden space 1536K, 99% used [0x00000000eab00000,0x00000000eac7f9f0,0x00000000eac80000)
  from space 512K, 53% used [0x00000000ead80000,0x00000000eadc4010,0x00000000eae00000)
  to   space 512K, 0% used [0x00000000ead00000,0x00000000ead00000,0x00000000ead80000)
 ParOldGen       total 663040K, used 662903K [0x00000000c0000000, 0x00000000e8780000, 0x00000000eab00000)
  object space 663040K, 99% used [0x00000000c0000000,0x00000000e875df28,0x00000000e8780000)
 Metaspace       used 69427K, committed 70848K, reserved 1114112K
  class space    used 7261K, committed 7872K, reserved 1048576K
}
Event: 534.426 GC heap after
{Heap after GC invocations=1798 (full 4):
 PSYoungGen      total 2048K, used 128K [0x00000000eab00000, 0x00000000eae00000, 0x0000000100000000)
  eden space 1536K, 0% used [0x00000000eab00000,0x00000000eab00000,0x00000000eac80000)
  from space 512K, 25% used [0x00000000ead00000,0x00000000ead20000,0x00000000ead80000)
  to   space 512K, 0% used [0x00000000ead80000,0x00000000ead80000,0x00000000eae00000)
 ParOldGen       total 663040K, used 662927K [0x00000000c0000000, 0x00000000e8780000, 0x00000000eab00000)
  object space 663040K, 99% used [0x00000000c0000000,0x00000000e8763f28,0x00000000e8780000)
 Metaspace       used 69427K, committed 70848K, reserved 1114112K
  class space    used 7261K, committed 7872K, reserved 1048576K
}

